[MASTER] 01:44:44.452 [pool-2-thread-1] WARN  TimeController - Phase INITIALIZATION lasted too long, 4 seconds more than allowed.
[MASTER] 01:44:51.842 [pool-2-thread-1] WARN  TestChromosome - Functional mock problem: org.evosuite.ga.ConstructionFailedException: Have no generator for class org.apache.tika.language.detect.LanguageDetector canUseFunctionalMocks=false, canBeMocked: true
[MASTER] 01:44:52.139 [pool-2-thread-1] WARN  TestChromosome - Functional mock problem: org.evosuite.ga.ConstructionFailedException: Have no generator for class org.apache.tika.language.detect.LanguageWriter canUseFunctionalMocks=false, canBeMocked: true
[MASTER] 01:44:52.186 [pool-2-thread-1] WARN  TestChromosome - Functional mock problem: org.evosuite.ga.ConstructionFailedException: Failed to add constructor for org.apache.tika.language.detect.LanguageWriter due to org.evosuite.ga.ConstructionFailedException: Have no generator for class org.apache.tika.language.detect.LanguageDetector canUseFunctionalMocks=false, canBeMocked: true
[MASTER] 01:44:52.781 [pool-2-thread-1] WARN  TestChromosome - Functional mock problem: org.evosuite.ga.ConstructionFailedException: Failed to add constructor for org.apache.tika.language.detect.LanguageWriter due to org.evosuite.ga.ConstructionFailedException: Have no generator for class org.apache.tika.language.detect.LanguageWriter canUseFunctionalMocks=false, canBeMocked: true
[MASTER] 01:45:04.435 [pool-2-thread-1] WARN  TestChromosome - Functional mock problem: org.evosuite.ga.ConstructionFailedException: Failed to add constructor for org.apache.tika.language.detect.LanguageWriter due to org.evosuite.ga.ConstructionFailedException: Max recursion depth reached
