[MASTER] 22:58:11.471 [main] ERROR ExternalProcessGroupHandler - The JVM of the client process crashed:
#
# A fatal error has been detected by the Java Runtime Environment:
#
#  SIGSEGV (0xb) at pc=0x00007f973519460d, pid=2837, tid=0x00007f96ce7bf700
#
# JRE version: OpenJDK Runtime Environment (8.0_292-b10) (build 1.8.0_292-b10)
# Java VM: OpenJDK 64-Bit Server VM (25.292-b10 mixed mode linux-amd64 compressed oops)
# Problematic frame:
# V  [libjvm.so+0x82060d]
#
# Failed to write core dump. Core dumps have been disabled. To enable core dumping, try "ulimit -c unlimited" before starting Java again
#
# If you would like to submit a bug report, please visit:
#   https://github.com/AdoptOpenJDK/openjdk-support/issues
#

[MASTER] 22:58:11.475 [main] ERROR ExternalProcessGroupHandler - Class org.apache.spark.shuffle.sort.ShuffleInMemorySorter. Lost connection with clients.
Client-0: SEARCH

java.rmi.UnmarshalException: Error unmarshaling return header; nested exception is: 
	java.io.EOFException
	at sun.rmi.transport.StreamRemoteCall.executeCall(StreamRemoteCall.java:254)
	at sun.rmi.server.UnicastRef.invoke(UnicastRef.java:164)
	at java.rmi.server.RemoteObjectInvocationHandler.invokeRemoteMethod(RemoteObjectInvocationHandler.java:235)
	at java.rmi.server.RemoteObjectInvocationHandler.invoke(RemoteObjectInvocationHandler.java:180)
	at com.sun.proxy.$Proxy7.waitUntilFinished(Unknown Source)
	at org.evosuite.utils.ExternalProcessGroupHandler.waitForResult(ExternalProcessGroupHandler.java:690)
	at org.evosuite.executionmode.TestGeneration.generateTests(TestGeneration.java:524)
	at org.evosuite.executionmode.TestGeneration.executeTestGeneration(TestGeneration.java:83)
	at org.evosuite.EvoSuite.parseCommandLine(EvoSuite.java:335)
	at org.evosuite.EvoSuite.main(EvoSuite.java:103)
Caused by: java.io.EOFException: null
	at java.io.DataInputStream.readByte(DataInputStream.java:267)
	at sun.rmi.transport.StreamRemoteCall.executeCall(StreamRemoteCall.java:240)
	... 9 common frames omitted
[MASTER] 22:58:11.578 [main] ERROR SearchStatistics - No obtained value for output variable: LineCoverage
[MASTER] 22:58:12.580 [main] ERROR SearchStatistics - Not going to write down statistics data, as some are missing
[MASTER] 22:58:12.684 [main] ERROR TestGeneration - failed to write statistics data
