[MASTER] 00:52:55.422 [main] ERROR ExternalProcessGroupHandler - The JVM of the client process crashed:
#
# A fatal error has been detected by the Java Runtime Environment:
#
#  SIGSEGV (0xb) at pc=0x00007fbe5b7cfcde, pid=16905, tid=0x00007fbe35f70700
#
# JRE version: OpenJDK Runtime Environment (8.0_292-b10) (build 1.8.0_292-b10)
# Java VM: OpenJDK 64-Bit Server VM (25.292-b10 mixed mode linux-amd64 compressed oops)
# Problematic frame:
# V  [libjvm.so+0x706cde]  jni_GetStringUTFChars+0x6e
#
# Failed to write core dump. Core dumps have been disabled. To enable core dumping, try "ulimit -c unlimited" before starting Java again
#
# If you would like to submit a bug report, please visit:
#   https://github.com/AdoptOpenJDK/openjdk-support/issues
#

[MASTER] 00:52:55.426 [main] ERROR ExternalProcessGroupHandler - Class org.apache.spark.util.SignalUtils. Lost connection with clients.
Client-0: SEARCH

java.rmi.UnmarshalException: Error unmarshaling return header; nested exception is: 
	java.io.EOFException
	at sun.rmi.transport.StreamRemoteCall.executeCall(StreamRemoteCall.java:254)
	at sun.rmi.server.UnicastRef.invoke(UnicastRef.java:164)
	at java.rmi.server.RemoteObjectInvocationHandler.invokeRemoteMethod(RemoteObjectInvocationHandler.java:235)
	at java.rmi.server.RemoteObjectInvocationHandler.invoke(RemoteObjectInvocationHandler.java:180)
	at com.sun.proxy.$Proxy7.waitUntilFinished(Unknown Source)
	at org.evosuite.utils.ExternalProcessGroupHandler.waitForResult(ExternalProcessGroupHandler.java:690)
	at org.evosuite.executionmode.TestGeneration.generateTests(TestGeneration.java:524)
	at org.evosuite.executionmode.TestGeneration.executeTestGeneration(TestGeneration.java:83)
	at org.evosuite.EvoSuite.parseCommandLine(EvoSuite.java:335)
	at org.evosuite.EvoSuite.main(EvoSuite.java:103)
Caused by: java.io.EOFException: null
	at java.io.DataInputStream.readByte(DataInputStream.java:267)
	at sun.rmi.transport.StreamRemoteCall.executeCall(StreamRemoteCall.java:240)
	... 9 common frames omitted
[MASTER] 00:52:55.527 [main] ERROR SearchStatistics - No statistics has been saved because EvoSuite failed to generate any test case
[MASTER] 00:52:55.630 [main] ERROR TestGeneration - failed to write statistics data
