[MASTER] 01:32:38.280 [pool-2-thread-1] WARN  TestChromosome - Functional mock problem: org.evosuite.ga.ConstructionFailedException: Failed to add constructor for org.xml.sax.SAXParseException due to org.evosuite.ga.ConstructionFailedException: Failed to add constructor for org.xml.sax.SAXException due to org.evosuite.ga.ConstructionFailedException: Failed to add constructor for org.xml.sax.SAXException due to org.evosuite.ga.ConstructionFailedException: Failed to add constructor for org.xml.sax.SAXParseException due to org.evosuite.ga.ConstructionFailedException: Failed to add constructor for org.xml.sax.helpers.LocatorImpl due to org.evosuite.ga.ConstructionFailedException: Max recursion depth reached
[MASTER] 01:32:41.579 [pool-2-thread-1] WARN  TestChromosome - Functional mock problem: org.evosuite.ga.ConstructionFailedException: Failed to add constructor for org.evosuite.runtime.mock.java.lang.MockException due to org.evosuite.ga.ConstructionFailedException: Failed to add constructor for org.xml.sax.SAXParseException due to org.evosuite.ga.ConstructionFailedException: Failed to add constructor for org.evosuite.runtime.mock.java.lang.MockException due to org.evosuite.ga.ConstructionFailedException: Failed to add constructor for org.xml.sax.SAXParseException due to org.evosuite.ga.ConstructionFailedException: Failed to add constructor for org.xml.sax.ext.Locator2Impl due to org.evosuite.ga.ConstructionFailedException: Max recursion depth reached
[MASTER] 01:33:36.974 [pool-2-thread-1] WARN  TimeController - Phase SEARCH lasted too long, 6 seconds more than allowed.
